<?xml version="1.0" encoding="UTF-8"?>
<!-- Generated by org.testng.reporters.JUnitReportReporter -->
<testsuite skipped="0" hostname="prem" name="prema.LoGIN" tests="1" failures="0" timestamp="19 Oct 2021 07:30:36 GMT" time="13.504" errors="0">
  <testcase name="login" time="13.504" classname="prema.LoGIN"/>
</testsuite> <!-- prema.LoGIN -->
